<?xml version="1.0" encoding="UTF-8"?>
<!-- Generated by org.testng.reporters.JUnitXMLReporter -->
<testsuite ignored="6" hostname="DESKTOP-2MCIBL4" failures="0" tests="1" name="Default test" time="26.13" errors="0" timestamp="2022-07-23T19:26:05 IST">
  <testcase classname="TEST.TestYoutubepage" name="FrameTest" time="3.131"/>
  <testcase classname="TEST.TestYoutubepage" name="TestDoubleClick" time="0.0">
    <ignored/>
  </testcase> <!-- TestDoubleClick -->
  <testcase classname="TEST.TestYoutubepage" name="TestSearchFeild" time="0.0">
    <ignored/>
  </testcase> <!-- TestSearchFeild -->
  <testcase classname="TEST.TestYoutubepage" name="CheckTitleLogo" time="0.0">
    <ignored/>
  </testcase> <!-- CheckTitleLogo -->
  <testcase classname="TEST.TestYoutubepage" name="TestAlertOperation" time="0.0">
    <ignored/>
  </testcase> <!-- TestAlertOperation -->
  <testcase classname="TEST.TestYoutubepage" name="DropdownTest" time="0.0">
    <ignored/>
  </testcase> <!-- DropdownTest -->
  <testcase classname="TEST.TestYoutubepage" name="FetchTableData" time="0.0">
    <ignored/>
  </testcase> <!-- FetchTableData -->
</testsuite> <!-- Default test -->
