<?xml version="1.0" encoding="UTF-8"?>
<testng-results ignored="6" total="7" passed="1" failed="0" skipped="0">
  <reporter-output>
  </reporter-output>
  <suite started-at="2022-07-23T19:25:39 IST" name="Default suite" finished-at="2022-07-23T19:26:05 IST" duration-ms="26130">
    <groups>
    </groups>
    <test started-at="2022-07-23T19:25:39 IST" name="Default test" finished-at="2022-07-23T19:26:05 IST" duration-ms="26130">
      <class name="TEST.TestYoutubepage">
        <test-method is-config="true" signature="browser()[pri:0, instance:TEST.TestYoutubepage@399f45b1]" started-at="2022-07-23T19:25:39 IST" name="browser" finished-at="2022-07-23T19:26:02 IST" duration-ms="22855" status="PASS">
          <reporter-output>
          </reporter-output>
        </test-method> <!-- browser -->
        <test-method signature="FrameTest()[pri:0, instance:TEST.TestYoutubepage@399f45b1]" started-at="2022-07-23T19:26:02 IST" name="FrameTest" finished-at="2022-07-23T19:26:05 IST" duration-ms="3131" status="PASS">
          <reporter-output>
          </reporter-output>
        </test-method> <!-- FrameTest -->
      </class> <!-- TEST.TestYoutubepage -->
    </test> <!-- Default test -->
  </suite> <!-- Default suite -->
</testng-results>
